
> temp-app@0.1.0 build
> next build

▲ Next.js 16.1.2 (Turbopack)
- Environments: .env.local

  Creating an optimized production build ...
✓ Compiled successfully in 9.0s
  Running TypeScript ...
  Collecting page data using 7 workers ...
  Generating static pages using 7 workers (0/6) ...
  Generating static pages using 7 workers (1/6) 
  Generating static pages using 7 workers (2/6) 
  Generating static pages using 7 workers (4/6) 
✓ Generating static pages using 7 workers (6/6) in 1791.6ms
  Finalizing page optimization ...

Route (app)
┌ ○ /
├ ○ /_not-found
├ ƒ /api/contact
└ ○ /obrigado


○  (Static)   prerendered as static content
ƒ  (Dynamic)  server-rendered on demand

